<?xml version="1.0" encoding="UTF-8"?>
<!-- Generated by org.testng.reporters.JUnitReportReporter -->
<testsuite hostname="priyanka" failures="0" tests="1" name="com.comsand.ecomm.ToCheckOrderHistory" time="7.442" errors="0" timestamp="2024-09-19T15:07:36 IST" skipped="0">
  <testcase classname="com.comsand.ecomm.ToCheckOrderHistory" name="orderHistory" time="7.442"/>
  <system-out/>
</testsuite> <!-- com.comsand.ecomm.ToCheckOrderHistory -->
