<?xml version="1.0" encoding="UTF-8"?>
<!-- Generated by org.testng.reporters.JUnitReportReporter -->
<testsuite hostname="priyanka" failures="0" tests="1" name="com.comsand.systemtest.RemoveProductFromWishlistTest" time="2.301" errors="0" timestamp="2024-09-23T13:05:52 IST" skipped="0">
  <testcase classname="com.comsand.systemtest.RemoveProductFromWishlistTest" name="removeProductFromWishlsttest" time="2.301"/>
  <system-out/>
</testsuite> <!-- com.comsand.systemtest.RemoveProductFromWishlistTest -->
