<?xml version="1.0" encoding="UTF-8"?>
<!-- Generated by org.testng.reporters.JUnitReportReporter -->
<testsuite hostname="priyanka" failures="0" tests="1" name="com.comsand.ecomm.LoginTest" time="3.582" errors="0" timestamp="2024-09-19T10:55:54 IST" skipped="0">
  <testcase classname="com.comsand.ecomm.LoginTest" name="loginAsUserTest" time="3.582"/>
  <system-out/>
</testsuite> <!-- com.comsand.ecomm.LoginTest -->
