<?xml version="1.0" encoding="UTF-8"?>
<!-- Generated by org.testng.reporters.JUnitReportReporter -->
<testsuite hostname="priyanka" failures="0" tests="1" name="com.comsand.smoketest.AddProductToCartTest" time="2.457" errors="0" timestamp="2024-09-23T21:34:48 IST" skipped="0">
  <testcase classname="com.comsand.smoketest.AddProductToCartTest" name="addProductToCarttest" time="2.457"/>
  <system-out/>
</testsuite> <!-- com.comsand.smoketest.AddProductToCartTest -->
