<?xml version="1.0" encoding="UTF-8"?>
<!-- Generated by org.testng.reporters.JUnitReportReporter -->
<testsuite hostname="priyanka" failures="0" tests="1" name="com.comsand.integrationtest.ShoppingMultipleProductsAtATimeTest" time="6.233" errors="0" timestamp="2024-09-23T10:08:02 IST" skipped="0">
  <testcase classname="com.comsand.integrationtest.ShoppingMultipleProductsAtATimeTest" name="multipleProducttest" time="6.233"/>
  <system-out/>
</testsuite> <!-- com.comsand.integrationtest.ShoppingMultipleProductsAtATimeTest -->
