<?xml version="1.0" encoding="UTF-8"?>
<!-- Generated by org.testng.reporters.JUnitReportReporter -->
<testsuite hostname="priyanka" failures="0" tests="1" name="com.comsand.systemtest.TrackTheOrderTest" time="4.730" errors="0" timestamp="2024-09-23T21:34:48 IST" skipped="0">
  <testcase classname="com.comsand.systemtest.TrackTheOrderTest" name="trackOrdertest" time="4.730"/>
  <system-out/>
</testsuite> <!-- com.comsand.systemtest.TrackTheOrderTest -->
