<?xml version="1.0" encoding="UTF-8"?>
<!-- Generated by org.testng.reporters.JUnitReportReporter -->
<testsuite hostname="priyanka" failures="0" tests="1" name="com.comsand.systemtest.PurchaseProductWithCODTest" time="4.914" errors="0" timestamp="2024-09-23T21:34:48 IST" skipped="0">
  <testcase classname="com.comsand.systemtest.PurchaseProductWithCODTest" name="cashOnDeliveryTest" time="4.914"/>
  <system-out/>
</testsuite> <!-- com.comsand.systemtest.PurchaseProductWithCODTest -->
