<?xml version="1.0" encoding="UTF-8"?>
<!-- Generated by org.testng.reporters.JUnitReportReporter -->
<testsuite hostname="priyanka" failures="0" tests="1" name="com.comsand.integrationtest.UpdateProductInCartTest" time="2.830" errors="0" timestamp="2024-09-23T21:34:48 IST" skipped="0">
  <testcase classname="com.comsand.integrationtest.UpdateProductInCartTest" name="updateProductInCarttest" time="2.830"/>
  <system-out/>
</testsuite> <!-- com.comsand.integrationtest.UpdateProductInCartTest -->
