<?xml version="1.0" encoding="UTF-8"?>
<!-- Generated by org.testng.reporters.JUnitReportReporter -->
<testsuite hostname="priyanka" failures="0" tests="1" name="com.comsand.integrationtest.ToConfirmOrderTest" time="5.911" errors="0" timestamp="2024-09-23T21:34:48 IST" skipped="0">
  <testcase classname="com.comsand.integrationtest.ToConfirmOrderTest" name="confirmOrdertest" time="5.911"/>
  <system-out/>
</testsuite> <!-- com.comsand.integrationtest.ToConfirmOrderTest -->
